<?xml version="1.0" encoding="UTF-8" ?>
<testsuite tests="14" failures="0" name="geniusweb.exampleparties.randomparty.RandomPartyTest" time="0.315" errors="0" skipped="0">
  <properties>
    <property name="java.runtime.name" value="Java(TM) SE Runtime Environment"/>
    <property name="java.vm.version" value="11.0.11+9-LTS-194"/>
    <property name="sun.boot.library.path" value="C:\Program Files\Java\jdk-11.0.11\bin"/>
    <property name="user.country.format" value="IL"/>
    <property name="maven.multiModuleProjectDirectory" value="D:\dev\university\ANL\testing"/>
    <property name="java.vm.vendor" value="Oracle Corporation"/>
    <property name="java.vendor.url" value="https://openjdk.java.net/"/>
    <property name="guice.disable.misplaced.annotation.check" value="true"/>
    <property name="path.separator" value=";"/>
    <property name="java.vm.name" value="Java HotSpot(TM) 64-Bit Server VM"/>
    <property name="sun.os.patch.level" value=""/>
    <property name="user.script" value=""/>
    <property name="user.country" value="RU"/>
    <property name="sun.java.launcher" value="SUN_STANDARD"/>
    <property name="java.vm.specification.name" value="Java Virtual Machine Specification"/>
    <property name="user.dir" value="D:\dev\university\ANL\testing"/>
    <property name="java.vm.compressedOopsMode" value="Zero based"/>
    <property name="java.runtime.version" value="11.0.11+9-LTS-194"/>
    <property name="java.awt.graphicsenv" value="sun.awt.Win32GraphicsEnvironment"/>
    <property name="os.arch" value="amd64"/>
    <property name="java.io.tmpdir" value="C:\Users\kopir\AppData\Local\Temp\"/>
    <property name="line.separator" value="
"/>
    <property name="java.vm.specification.vendor" value="Oracle Corporation"/>
    <property name="user.variant" value=""/>
    <property name="os.name" value="Windows 10"/>
    <property name="classworlds.conf" value="D:\dev\maven\apache-maven-3.6.3\bin\..\bin\m2.conf"/>
    <property name="sun.jnu.encoding" value="Cp1251"/>
    <property name="java.library.path" value="C:\Program Files\Java\jdk-11.0.11\bin;C:\WINDOWS\Sun\Java\bin;C:\WINDOWS\system32;C:\WINDOWS;C:\Program Files\Common Files\Oracle\Java\javapath;C:\Program Files (x86)\Common Files\Oracle\Java\javapath;C:\Program Files (x86)\Intel\iCLS Client\;C:\Program Files\Intel\iCLS Client\;C:\Windows\system32;C:\Windows;C:\Windows\System32\Wbem;C:\Windows\System32\WindowsPowerShell\v1.0\;C:\Program Files (x86)\Intel\Intel(R) Management Engine Components\DAL;C:\Program Files\Intel\Intel(R) Management Engine Components\DAL;C:\Program Files (x86)\Intel\Intel(R) Management Engine Components\IPT;C:\Program Files\Intel\Intel(R) Management Engine Components\IPT;C:\Program Files (x86)\NVIDIA Corporation\PhysX\Common;C:\WINDOWS\system32;C:\WINDOWS;C:\WINDOWS\System32\Wbem;C:\WINDOWS\System32\WindowsPowerShell\v1.0\;C:\WINDOWS\System32\OpenSSH\;C:\Program Files\nodejs\;C:\Program Files\Git\cmd;D:\Program Files\PuTTY\;D:\dev\webdriver\geckodriver-v0.27.0-win64\geckodriver.exe;C:\Program Files\NVIDIA Corporation\NVIDIA NvDLISR;C:\WINDOWS\system32;C:\WINDOWS;C:\WINDOWS\System32\Wbem;C:\WINDOWS\System32\WindowsPowerShell\v1.0\;C:\WINDOWS\System32\OpenSSH\;D:\Program Files (x86)\Bitvise SSH Client;D:\dev\MATLAB\R2018a\runtime\win64;D:\dev\MATLAB\R2018a\bin;C:\ffmpeg\bin;D:\dev\maven\apache-maven-3.6.3\bin;C:\Program Files\Java\jdk-11.0.11\bin;C:\Program Files\TortoiseSVN\bin;C:\Users\kopir\AppData\Local\Microsoft\WindowsApps;C:\Users\kopir\AppData\Local\Programs\Microsoft VS Code\bin;C:\Users\kopir\AppData\Roaming\npm;C:\Users\kopir\AppData\Local\atom\bin;D:\dev\webdriver\geckodriver-v0.27.0-win64\geckodriver.exe;C:\Users\kopir\AppData\Local\Microsoft\WindowsApps;D:\dev\anaconda3;D:\dev\anaconda3\Scripts;D:\dev\swig\swigwin-4.0.2;C:\ffmpeg\bin;D:\dev\maven\apache-maven-3.6.3\bin;;."/>
    <property name="maven.conf" value="D:\dev\maven\apache-maven-3.6.3\bin\../conf"/>
    <property name="jdk.debug" value="release"/>
    <property name="java.class.version" value="55.0"/>
    <property name="java.specification.name" value="Java Platform API Specification"/>
    <property name="sun.management.compiler" value="HotSpot 64-Bit Tiered Compilers"/>
    <property name="os.version" value="10.0"/>
    <property name="library.jansi.path" value="D:\dev\maven\apache-maven-3.6.3\bin\..\lib\jansi-native"/>
    <property name="user.home" value="C:\Users\kopir"/>
    <property name="user.timezone" value="Asia/Jerusalem"/>
    <property name="java.awt.printerjob" value="sun.awt.windows.WPrinterJob"/>
    <property name="file.encoding" value="Cp1251"/>
    <property name="java.specification.version" value="11"/>
    <property name="buildInfoConfig.propertiesFile" value="C:\Users\kopir\AppData\Local\Temp\buildInfo2814094336006830571.properties"/>
    <property name="user.name" value="kopir"/>
    <property name="java.class.path" value="D:\dev\maven\apache-maven-3.6.3\bin\..\boot\plexus-classworlds-2.6.0.jar"/>
    <property name="java.vm.specification.version" value="11"/>
    <property name="sun.arch.data.model" value="64"/>
    <property name="sun.java.command" value="org.codehaus.plexus.classworlds.launcher.Launcher package -f d:\dev\university\ANL\testing\someparty\pom.xml"/>
    <property name="java.home" value="C:\Program Files\Java\jdk-11.0.11"/>
    <property name="user.language" value="ru"/>
    <property name="java.specification.vendor" value="Oracle Corporation"/>
    <property name="user.language.format" value="en"/>
    <property name="awt.toolkit" value="sun.awt.windows.WToolkit"/>
    <property name="java.vm.info" value="mixed mode"/>
    <property name="java.version" value="11.0.11"/>
    <property name="java.vendor" value="Oracle Corporation"/>
    <property name="sun.stderr.encoding" value="cp866"/>
    <property name="maven.home" value="D:\dev\maven\apache-maven-3.6.3\bin\.."/>
    <property name="file.separator" value="\"/>
    <property name="java.version.date" value="2021-04-20"/>
    <property name="java.vendor.url.bug" value="https://bugreport.java.com/bugreport/"/>
    <property name="sun.io.unicode.encoding" value="UnicodeLittle"/>
    <property name="sun.cpu.endian" value="little"/>
    <property name="java.vendor.version" value="18.9"/>
    <property name="sun.stdout.encoding" value="cp866"/>
    <property name="sun.desktop" value="windows"/>
    <property name="sun.cpu.isalist" value="amd64"/>
  </properties>
  <testcase classname="geniusweb.exampleparties.randomparty.RandomPartyTest" name="smokeTest" time="0.215"/>
  <testcase classname="geniusweb.exampleparties.randomparty.RandomPartyTest" name="testInformSettings" time="0.016"/>
  <testcase classname="geniusweb.exampleparties.randomparty.RandomPartyTest" name="testInformAndConnection" time="0.002"/>
  <testcase classname="geniusweb.exampleparties.randomparty.RandomPartyTest" name="testAgentsUpdatesMOPACProgress" time="0.038"/>
  <testcase classname="geniusweb.exampleparties.randomparty.RandomPartyTest" name="testGetCapabilities" time="0.002"/>
  <testcase classname="geniusweb.exampleparties.randomparty.RandomPartyTest" name="testAgentLogsFinal" time="0.017"/>
  <testcase classname="geniusweb.exampleparties.randomparty.RandomPartyTest" name="getDescriptionTest" time="0.001"/>
  <testcase classname="geniusweb.exampleparties.randomparty.RandomPartyTest" name="testAgentsUpdatesSAOPProgress" time="0.004"/>
  <testcase classname="geniusweb.exampleparties.randomparty.RandomPartyTest" name="testOtherWalksAway" time="0.002"/>
  <testcase classname="geniusweb.exampleparties.randomparty.RandomPartyTest" name="testAgentHasFirstTurn" time="0.004"/>
  <testcase classname="geniusweb.exampleparties.randomparty.RandomPartyTest" name="testInformConnection" time="0"/>
  <testcase classname="geniusweb.exampleparties.randomparty.RandomPartyTest" name="testVoting" time="0.007"/>
  <testcase classname="geniusweb.exampleparties.randomparty.RandomPartyTest" name="getCapabilitiesTest" time="0.001"/>
  <testcase classname="geniusweb.exampleparties.randomparty.RandomPartyTest" name="testVotingWithValue" time="0.006"/>
</testsuite>